 ACCALL - Accessibility calculations
 MAX RESIDUES     5000
 MAX ATOMS/RES     100
 PDB FILE INPUT wt.pdb
 PROBE SIZE       1.40
 Z-SLICE WIDTH   0.050
 VDW RADII FILE /usr/local/naccess-2.1.1/vdw.radii
 EXCL HETATOMS
 EXCL HYDROGENS
 EXCL WATERS
 READVDW  37 residues input
 NON-STANDARD atom.|HE21| in residue> GLN A 228 
 GUESSED vdw of HE21 in GLN A 228  =  1.80
 NON-STANDARD atom.|HE22| in residue> GLN A 228 
 GUESSED vdw of HE22 in GLN A 228  =  1.80
 NON-STANDARD atom.|HE21| in residue> GLN A 231 
 GUESSED vdw of HE21 in GLN A 231  =  1.80
 NON-STANDARD atom.|HE22| in residue> GLN A 231 
 GUESSED vdw of HE22 in GLN A 231  =  1.80
 NON-STANDARD atom.|HE21| in residue> GLN A 253 
 GUESSED vdw of HE21 in GLN A 253  =  1.80
 NON-STANDARD atom.|HE22| in residue> GLN A 253 
 GUESSED vdw of HE22 in GLN A 253  =  1.80
 NON-STANDARD atom.|HG21| in residue> THR A 257 
 GUESSED vdw of HG21 in THR A 257  =  1.80
 NON-STANDARD atom.|HG22| in residue> THR A 257 
 GUESSED vdw of HG22 in THR A 257  =  1.80
 NON-STANDARD atom.|HG23| in residue> THR A 257 
 GUESSED vdw of HG23 in THR A 257  =  1.80
 NON-STANDARD atom.|HG11| in residue> VAL A 259 
 GUESSED vdw of HG11 in VAL A 259  =  1.80
 NON-STANDARD atom.|HG12| in residue> VAL A 259 
 GUESSED vdw of HG12 in VAL A 259  =  1.80
 NON-STANDARD atom.|HG13| in residue> VAL A 259 
 GUESSED vdw of HG13 in VAL A 259  =  1.80
 NON-STANDARD atom.|HG21| in residue> VAL A 259 
 GUESSED vdw of HG21 in VAL A 259  =  1.80
 NON-STANDARD atom.|HG22| in residue> VAL A 259 
 GUESSED vdw of HG22 in VAL A 259  =  1.80
 NON-STANDARD atom.|HG23| in residue> VAL A 259 
 GUESSED vdw of HG23 in VAL A 259  =  1.80
 NON-STANDARD atom.|HG12| in residue> ILE A 262 
 GUESSED vdw of HG12 in ILE A 262  =  1.80
 NON-STANDARD atom.|HG13| in residue> ILE A 262 
 GUESSED vdw of HG13 in ILE A 262  =  1.80
 NON-STANDARD atom.|HG21| in residue> ILE A 262 
 GUESSED vdw of HG21 in ILE A 262  =  1.80
 NON-STANDARD atom.|HG22| in residue> ILE A 262 
 GUESSED vdw of HG22 in ILE A 262  =  1.80
 NON-STANDARD atom.|HG23| in residue> ILE A 262 
 GUESSED vdw of HG23 in ILE A 262  =  1.80
 NON-STANDARD atom.|HG12| in residue> ILE A 264 
 GUESSED vdw of HG12 in ILE A 264  =  1.80
 NON-STANDARD atom.|HG13| in residue> ILE A 264 
 GUESSED vdw of HG13 in ILE A 264  =  1.80
 NON-STANDARD atom.|HG21| in residue> ILE A 264 
 GUESSED vdw of HG21 in ILE A 264  =  1.80
 NON-STANDARD atom.|HG22| in residue> ILE A 264 
 GUESSED vdw of HG22 in ILE A 264  =  1.80
 NON-STANDARD atom.|HG23| in residue> ILE A 264 
 GUESSED vdw of HG23 in ILE A 264  =  1.80
 NON-STANDARD atom.|HE21| in residue> GLN A 268 
 GUESSED vdw of HE21 in GLN A 268  =  1.80
 NON-STANDARD atom.|HE22| in residue> GLN A 268 
 GUESSED vdw of HE22 in GLN A 268  =  1.80
 NON-STANDARD atom.|HG11| in residue> VAL A 269 
 GUESSED vdw of HG11 in VAL A 269  =  1.80
 NON-STANDARD atom.|HG12| in residue> VAL A 269 
 GUESSED vdw of HG12 in VAL A 269  =  1.80
 NON-STANDARD atom.|HG13| in residue> VAL A 269 
 GUESSED vdw of HG13 in VAL A 269  =  1.80
 NON-STANDARD atom.|HG21| in residue> VAL A 269 
 GUESSED vdw of HG21 in VAL A 269  =  1.80
 NON-STANDARD atom.|HG22| in residue> VAL A 269 
 GUESSED vdw of HG22 in VAL A 269  =  1.80
 NON-STANDARD atom.|HG23| in residue> VAL A 269 
 GUESSED vdw of HG23 in VAL A 269  =  1.80
 NON-STANDARD atom.|HG11| in residue> VAL A 277 
 GUESSED vdw of HG11 in VAL A 277  =  1.80
 NON-STANDARD atom.|HG12| in residue> VAL A 277 
 GUESSED vdw of HG12 in VAL A 277  =  1.80
 NON-STANDARD atom.|HG13| in residue> VAL A 277 
 GUESSED vdw of HG13 in VAL A 277  =  1.80
 NON-STANDARD atom.|HG21| in residue> VAL A 277 
 GUESSED vdw of HG21 in VAL A 277  =  1.80
 NON-STANDARD atom.|HG22| in residue> VAL A 277 
 GUESSED vdw of HG22 in VAL A 277  =  1.80
 NON-STANDARD atom.|HG23| in residue> VAL A 277 
 GUESSED vdw of HG23 in VAL A 277  =  1.80
 NON-STANDARD atom.|HG11| in residue> VAL A 279 
 GUESSED vdw of HG11 in VAL A 279  =  1.80
 NON-STANDARD atom.|HG12| in residue> VAL A 279 
 GUESSED vdw of HG12 in VAL A 279  =  1.80
 NON-STANDARD atom.|HG13| in residue> VAL A 279 
 GUESSED vdw of HG13 in VAL A 279  =  1.80
 NON-STANDARD atom.|HG21| in residue> VAL A 279 
 GUESSED vdw of HG21 in VAL A 279  =  1.80
 NON-STANDARD atom.|HG22| in residue> VAL A 279 
 GUESSED vdw of HG22 in VAL A 279  =  1.80
 NON-STANDARD atom.|HG23| in residue> VAL A 279 
 GUESSED vdw of HG23 in VAL A 279  =  1.80
 NON-STANDARD atom.|HG21| in residue> THR A 280 
 GUESSED vdw of HG21 in THR A 280  =  1.80
 NON-STANDARD atom.|HG22| in residue> THR A 280 
 GUESSED vdw of HG22 in THR A 280  =  1.80
 NON-STANDARD atom.|HG23| in residue> THR A 280 
 GUESSED vdw of HG23 in THR A 280  =  1.80
 NON-STANDARD atom.|HG11| in residue> VAL A 286 
 GUESSED vdw of HG11 in VAL A 286  =  1.80
 NON-STANDARD atom.|HG12| in residue> VAL A 286 
 GUESSED vdw of HG12 in VAL A 286  =  1.80
 NON-STANDARD atom.|HG13| in residue> VAL A 286 
 GUESSED vdw of HG13 in VAL A 286  =  1.80
 NON-STANDARD atom.|HG21| in residue> VAL A 286 
 GUESSED vdw of HG21 in VAL A 286  =  1.80
 NON-STANDARD atom.|HG22| in residue> VAL A 286 
 GUESSED vdw of HG22 in VAL A 286  =  1.80
 NON-STANDARD atom.|HG23| in residue> VAL A 286 
 GUESSED vdw of HG23 in VAL A 286  =  1.80
 NON-STANDARD atom.|HG11| in residue> VAL A 288 
 GUESSED vdw of HG11 in VAL A 288  =  1.80
 NON-STANDARD atom.|HG12| in residue> VAL A 288 
 GUESSED vdw of HG12 in VAL A 288  =  1.80
 NON-STANDARD atom.|HG13| in residue> VAL A 288 
 GUESSED vdw of HG13 in VAL A 288  =  1.80
 NON-STANDARD atom.|HG21| in residue> VAL A 288 
 GUESSED vdw of HG21 in VAL A 288  =  1.80
 NON-STANDARD atom.|HG22| in residue> VAL A 288 
 GUESSED vdw of HG22 in VAL A 288  =  1.80
 NON-STANDARD atom.|HG23| in residue> VAL A 288 
 GUESSED vdw of HG23 in VAL A 288  =  1.80
 NON-STANDARD atom.|HG12| in residue> ILE A 289 
 GUESSED vdw of HG12 in ILE A 289  =  1.80
 NON-STANDARD atom.|HG13| in residue> ILE A 289 
 GUESSED vdw of HG13 in ILE A 289  =  1.80
 NON-STANDARD atom.|HG21| in residue> ILE A 289 
 GUESSED vdw of HG21 in ILE A 289  =  1.80
 NON-STANDARD atom.|HG22| in residue> ILE A 289 
 GUESSED vdw of HG22 in ILE A 289  =  1.80
 NON-STANDARD atom.|HG23| in residue> ILE A 289 
 GUESSED vdw of HG23 in ILE A 289  =  1.80
 NON-STANDARD atom.|HG12| in residue> ILE A 297 
 GUESSED vdw of HG12 in ILE A 297  =  1.80
 NON-STANDARD atom.|HG13| in residue> ILE A 297 
 GUESSED vdw of HG13 in ILE A 297  =  1.80
 NON-STANDARD atom.|HG21| in residue> ILE A 297 
 GUESSED vdw of HG21 in ILE A 297  =  1.80
 NON-STANDARD atom.|HG22| in residue> ILE A 297 
 GUESSED vdw of HG22 in ILE A 297  =  1.80
 NON-STANDARD atom.|HG23| in residue> ILE A 297 
 GUESSED vdw of HG23 in ILE A 297  =  1.80
 NON-STANDARD atom.|HG21| in residue> THR A 298 
 GUESSED vdw of HG21 in THR A 298  =  1.80
 NON-STANDARD atom.|HG22| in residue> THR A 298 
 GUESSED vdw of HG22 in THR A 298  =  1.80
 NON-STANDARD atom.|HG23| in residue> THR A 298 
 GUESSED vdw of HG23 in THR A 298  =  1.80
 NON-STANDARD atom.|HG21| in residue> THR A 305 
 GUESSED vdw of HG21 in THR A 305  =  1.80
 NON-STANDARD atom.|HG22| in residue> THR A 305 
 GUESSED vdw of HG22 in THR A 305  =  1.80
 NON-STANDARD atom.|HG23| in residue> THR A 305 
 GUESSED vdw of HG23 in THR A 305  =  1.80
 NON-STANDARD atom.|HG12| in residue> ILE A 307 
 GUESSED vdw of HG12 in ILE A 307  =  1.80
 NON-STANDARD atom.|HG13| in residue> ILE A 307 
 GUESSED vdw of HG13 in ILE A 307  =  1.80
 NON-STANDARD atom.|HG21| in residue> ILE A 307 
 GUESSED vdw of HG21 in ILE A 307  =  1.80
 NON-STANDARD atom.|HG22| in residue> ILE A 307 
 GUESSED vdw of HG22 in ILE A 307  =  1.80
 NON-STANDARD atom.|HG23| in residue> ILE A 307 
 GUESSED vdw of HG23 in ILE A 307  =  1.80
 NON-STANDARD atom.|HG21| in residue> THR A 308 
 GUESSED vdw of HG21 in THR A 308  =  1.80
 NON-STANDARD atom.|HG22| in residue> THR A 308 
 GUESSED vdw of HG22 in THR A 308  =  1.80
 NON-STANDARD atom.|HG23| in residue> THR A 308 
 GUESSED vdw of HG23 in THR A 308  =  1.80
 NON-STANDARD atom.|HG21| in residue> THR A 313 
 GUESSED vdw of HG21 in THR A 313  =  1.80
 NON-STANDARD atom.|HG22| in residue> THR A 313 
 GUESSED vdw of HG22 in THR A 313  =  1.80
 NON-STANDARD atom.|HG23| in residue> THR A 313 
 GUESSED vdw of HG23 in THR A 313  =  1.80
 NON-STANDARD atom.|HG21| in residue> THR A 316 
 GUESSED vdw of HG21 in THR A 316  =  1.80
 NON-STANDARD atom.|HG22| in residue> THR A 316 
 GUESSED vdw of HG22 in THR A 316  =  1.80
 NON-STANDARD atom.|HG23| in residue> THR A 316 
 GUESSED vdw of HG23 in THR A 316  =  1.80
 NON-STANDARD atom.|HE21| in residue> GLN A 317 
 GUESSED vdw of HE21 in GLN A 317  =  1.80
 NON-STANDARD atom.|HE22| in residue> GLN A 317 
 GUESSED vdw of HE22 in GLN A 317  =  1.80
 NON-STANDARD atom.|HE21| in residue> GLN A 339 
 GUESSED vdw of HE21 in GLN A 339  =  1.80
 NON-STANDARD atom.|HE22| in residue> GLN A 339 
 GUESSED vdw of HE22 in GLN A 339  =  1.80
 NON-STANDARD atom.|HG12| in residue> ILE A 342 
 GUESSED vdw of HG12 in ILE A 342  =  1.80
 NON-STANDARD atom.|HG13| in residue> ILE A 342 
 GUESSED vdw of HG13 in ILE A 342  =  1.80
 NON-STANDARD atom.|HG21| in residue> ILE A 342 
 GUESSED vdw of HG21 in ILE A 342  =  1.80
 NON-STANDARD atom.|HG22| in residue> ILE A 342 
 GUESSED vdw of HG22 in ILE A 342  =  1.80
 NON-STANDARD atom.|HG23| in residue> ILE A 342 
 GUESSED vdw of HG23 in ILE A 342  =  1.80
 ADDED VDW RADII
 CHAINS       1
 RESIDUES   124
 ATOMS     1122
 SOLVA: PROGRAM ENDS CORRECTLY
 CALCULATED ATOMIC ACCESSIBILITES
 RELATIVE (STANDARD) ACCESSIBILITIES READFOR  24 AMINO ACIDS
 SUMMED ACCESSIBILITIES OVER RESIDUES
